<?xml version="1.0" encoding="utf-8"?>
<log version="1.0" tool="runtool">

<msg id="1" tool="runtool">
  <type>log-start</type>
  <arg>2024/03/18 16:35:25</arg>
</msg>
<msg id="2" tool="runtool">
  <type>collector-starts</type>
</msg>
<msg id="3" tool="runtool">
  <type>marker-file</type>
  <arg>/home/sk218/hw_assignment2/lu-decomposition-openmp-Swanand58/check/check.inspxe</arg>
</msg>
<msg id="4" tool="tc">
  <type>START</type>
  <severity>INFO</severity>
  <timestamp>Mon Mar 18 16:35:25 2024</timestamp>
</msg>
<msg id="5" tool="tc">
  <type>EXEC_OF_INTEREST</type>
  <arg>/home/sk218/hw_assignment2/lu-decomposition-openmp-Swanand58/lu-omp</arg>
  <arg>12240</arg>
  <severity>INFO</severity>
  <timestamp>Mon Mar 18 16:35:25 2024</timestamp>
</msg>
<msg id="6" tool="tc">
  <type>LOAD_MODULE</type>
  <arg>/home/sk218/hw_assignment2/lu-decomposition-openmp-Swanand58/lu-omp</arg>
  <arg>0x400000</arg>
  <arg>0x41b71f</arg>
  <severity>INFO</severity>
  <timestamp>Mon Mar 18 16:35:25 2024</timestamp>
</msg>
<msg id="7" tool="tc">
  <type>LOAD_MODULE</type>
  <arg>/lib64/ld-linux-x86-64.so.2</arg>
  <arg>0x7f639b3f4000</arg>
  <arg>0x7f639b61714f</arg>
  <severity>INFO</severity>
  <timestamp>Mon Mar 18 16:35:25 2024</timestamp>
</msg>
<msg id="8" tool="tc">
  <type>LOAD_MODULE</type>
  <arg>[vdso]</arg>
  <arg>0x7fffdc6bc000</arg>
  <arg>0x7fffdc6bce6c</arg>
  <severity>INFO</severity>
  <timestamp>Mon Mar 18 16:35:25 2024</timestamp>
</msg>
<msg id="9" tool="tc">
  <type>LOAD_MODULE</type>
  <arg>/opt/apps/software/Core/xalt/default/lib64/libxalt_init.so</arg>
  <arg>0x7f63861a9000</arg>
  <arg>0x7f63863ce767</arg>
  <severity>INFO</severity>
  <timestamp>Mon Mar 18 16:35:25 2024</timestamp>
</msg>
<msg id="10" tool="tc">
  <type>LOAD_MODULE</type>
  <arg>/lib64/librt.so.1</arg>
  <arg>0x7f6385e45000</arg>
  <arg>0x7f638604cc17</arg>
  <severity>INFO</severity>
  <timestamp>Mon Mar 18 16:35:25 2024</timestamp>
</msg>
<msg id="11" tool="tc">
  <type>LOAD_MODULE</type>
  <arg>/lib64/libnuma.so.1</arg>
  <arg>0x7f6385c2e000</arg>
  <arg>0x7f6385e398e7</arg>
  <severity>INFO</severity>
  <timestamp>Mon Mar 18 16:35:25 2024</timestamp>
</msg>
<msg id="12" tool="tc">
  <type>LOAD_MODULE</type>
  <arg>/opt/apps/software/Core/GCCcore/8.3.0/lib64/libstdc++.so.6</arg>
  <arg>0x7f6385a88000</arg>
  <arg>0x7f6385c218bf</arg>
  <severity>INFO</severity>
  <timestamp>Mon Mar 18 16:35:25 2024</timestamp>
</msg>
<msg id="13" tool="tc">
  <type>LOAD_MODULE</type>
  <arg>/lib64/libm.so.6</arg>
  <arg>0x7f6385780000</arg>
  <arg>0x7f6385a81127</arg>
  <severity>INFO</severity>
  <timestamp>Mon Mar 18 16:35:26 2024</timestamp>
</msg>
<msg id="14" tool="tc">
  <type>LOAD_MODULE</type>
  <arg>/projects/comp422/pkgs-src/llvm-project/openmp/openmp-install/lib/libiomp5.so</arg>
  <arg>0x7f6385665000</arg>
  <arg>0x7f638576dc07</arg>
  <severity>INFO</severity>
  <timestamp>Mon Mar 18 16:35:26 2024</timestamp>
</msg>
<msg id="15" tool="tc">
  <type>LOAD_MODULE</type>
  <arg>/opt/apps/software/Core/GCCcore/8.3.0/lib64/libgcc_s.so.1</arg>
  <arg>0x7f638564c000</arg>
  <arg>0x7f638566442f</arg>
  <severity>INFO</severity>
  <timestamp>Mon Mar 18 16:35:26 2024</timestamp>
</msg>
<msg id="16" tool="tc">
  <type>LOAD_MODULE</type>
  <arg>/lib64/libpthread.so.0</arg>
  <arg>0x7f6385430000</arg>
  <arg>0x7f638564b487</arg>
  <severity>INFO</severity>
  <timestamp>Mon Mar 18 16:35:26 2024</timestamp>
</msg>
<msg id="17" tool="tc">
  <type>LOAD_MODULE</type>
  <arg>/lib64/libc.so.6</arg>
  <arg>0x7f6385063000</arg>
  <arg>0x7f638542f1df</arg>
  <severity>INFO</severity>
  <timestamp>Mon Mar 18 16:35:26 2024</timestamp>
</msg>
<msg id="18" tool="tc">
  <type>LOAD_MODULE</type>
  <arg>/lib64/libdl.so.2</arg>
  <arg>0x7f6384e5f000</arg>
  <arg>0x7f638506210f</arg>
  <severity>INFO</severity>
  <timestamp>Mon Mar 18 16:35:26 2024</timestamp>
</msg>
<msg id="19" tool="tc">
  <type>LOAD_MODULE</type>
  <arg>/projects/comp422/pkgs-src/llvm-project/openmp/openmp-install/lib/libarcher.so</arg>
  <arg>0x7f6381a3e000</arg>
  <arg>0x7f6381a4a340</arg>
  <severity>INFO</severity>
  <timestamp>Mon Mar 18 16:35:27 2024</timestamp>
</msg>
<msg id="20" tool="tc">
  <type>LOAD_MODULE</type>
  <arg>/opt/apps/software/Core/Inspector/2018_update2/inspector_2018.2.0.551023/lib64/runtime/libittnotify.so</arg>
  <arg>0x7f63812a9000</arg>
  <arg>0x7f63814b463f</arg>
  <severity>INFO</severity>
  <timestamp>Mon Mar 18 16:35:28 2024</timestamp>
</msg>
<msg id="21" tool="tc">
  <type>CTSA_NO_STACK</type>
  <severity>WARNING</severity>
  <timestamp>Mon Mar 18 16:35:29 2024</timestamp>
</msg>
<msg id="22" tool="tc">
  <type>UNLOAD_MODULE</type>
  <arg>/home/sk218/hw_assignment2/lu-decomposition-openmp-Swanand58/lu-omp</arg>
  <severity>INFO</severity>
  <timestamp>Mon Mar 18 16:35:30 2024</timestamp>
</msg>
<msg id="23" tool="tc">
  <type>UNLOAD_MODULE</type>
  <arg>/lib64/ld-linux-x86-64.so.2</arg>
  <severity>INFO</severity>
  <timestamp>Mon Mar 18 16:35:30 2024</timestamp>
</msg>
<msg id="24" tool="tc">
  <type>UNLOAD_MODULE</type>
  <arg>[vdso]</arg>
  <severity>INFO</severity>
  <timestamp>Mon Mar 18 16:35:30 2024</timestamp>
</msg>
<msg id="25" tool="tc">
  <type>UNLOAD_MODULE</type>
  <arg>/opt/apps/software/Core/xalt/default/lib64/libxalt_init.so</arg>
  <severity>INFO</severity>
  <timestamp>Mon Mar 18 16:35:30 2024</timestamp>
</msg>
<msg id="26" tool="tc">
  <type>UNLOAD_MODULE</type>
  <arg>/lib64/librt.so.1</arg>
  <severity>INFO</severity>
  <timestamp>Mon Mar 18 16:35:30 2024</timestamp>
</msg>
<msg id="27" tool="tc">
  <type>UNLOAD_MODULE</type>
  <arg>/lib64/libnuma.so.1</arg>
  <severity>INFO</severity>
  <timestamp>Mon Mar 18 16:35:30 2024</timestamp>
</msg>
<msg id="28" tool="tc">
  <type>UNLOAD_MODULE</type>
  <arg>/opt/apps/software/Core/GCCcore/8.3.0/lib64/libstdc++.so.6</arg>
  <severity>INFO</severity>
  <timestamp>Mon Mar 18 16:35:30 2024</timestamp>
</msg>
<msg id="29" tool="tc">
  <type>UNLOAD_MODULE</type>
  <arg>/lib64/libm.so.6</arg>
  <severity>INFO</severity>
  <timestamp>Mon Mar 18 16:35:30 2024</timestamp>
</msg>
<msg id="30" tool="tc">
  <type>UNLOAD_MODULE</type>
  <arg>/projects/comp422/pkgs-src/llvm-project/openmp/openmp-install/lib/libiomp5.so</arg>
  <severity>INFO</severity>
  <timestamp>Mon Mar 18 16:35:30 2024</timestamp>
</msg>
<msg id="31" tool="tc">
  <type>UNLOAD_MODULE</type>
  <arg>/opt/apps/software/Core/GCCcore/8.3.0/lib64/libgcc_s.so.1</arg>
  <severity>INFO</severity>
  <timestamp>Mon Mar 18 16:35:30 2024</timestamp>
</msg>
<msg id="32" tool="tc">
  <type>UNLOAD_MODULE</type>
  <arg>/lib64/libpthread.so.0</arg>
  <severity>INFO</severity>
  <timestamp>Mon Mar 18 16:35:30 2024</timestamp>
</msg>
<msg id="33" tool="tc">
  <type>UNLOAD_MODULE</type>
  <arg>/lib64/libc.so.6</arg>
  <severity>INFO</severity>
  <timestamp>Mon Mar 18 16:35:30 2024</timestamp>
</msg>
<msg id="34" tool="tc">
  <type>UNLOAD_MODULE</type>
  <arg>/lib64/libdl.so.2</arg>
  <severity>INFO</severity>
  <timestamp>Mon Mar 18 16:35:30 2024</timestamp>
</msg>
<msg id="35" tool="tc">
  <type>UNLOAD_MODULE</type>
  <arg>/projects/comp422/pkgs-src/llvm-project/openmp/openmp-install/lib/libarcher.so</arg>
  <severity>INFO</severity>
  <timestamp>Mon Mar 18 16:35:30 2024</timestamp>
</msg>
<msg id="36" tool="tc">
  <type>UNLOAD_MODULE</type>
  <arg>/opt/apps/software/Core/Inspector/2018_update2/inspector_2018.2.0.551023/lib64/runtime/libittnotify.so</arg>
  <severity>INFO</severity>
  <timestamp>Mon Mar 18 16:35:30 2024</timestamp>
</msg>
<msg id="37" tool="tc">
  <type>PROCESS_TERMINATE</type>
  <arg>/home/sk218/hw_assignment2/lu-decomposition-openmp-Swanand58/lu-omp</arg>
  <arg>12240</arg>
  <severity>INFO</severity>
  <timestamp>Mon Mar 18 16:35:30 2024</timestamp>
</msg>
<msg id="38" tool="tc">
  <type>ANALYSIS_COMPLETE</type>
  <severity>INFO</severity>
  <timestamp>Mon Mar 18 16:35:30 2024</timestamp>
</msg>
<msg id="39" tool="tc">
  <type>STOP</type>
  <severity>INFO</severity>
  <timestamp>Mon Mar 18 16:35:30 2024</timestamp>
</msg>
<msg id="40" tool="runtool">
  <type>app-exit-code</type>
  <arg>0</arg>
</msg>
<msg id="41" tool="runtool">
  <type>marker-file</type>
  <arg>/home/sk218/hw_assignment2/lu-decomposition-openmp-Swanand58/check/check.inspxe</arg>
</msg>
<msg id="42" tool="runtool">
  <type>collector-done</type>
</msg>
<msg id="43" tool="runtool">
  <type>log-end</type>
  <arg>2024/03/18 16:35:34</arg>
</msg>

</log>

