<?xml version="1.0" encoding="utf-8" ?>
<!-- DO NOT EDIT THIS FILE -->

<log version='2.0' source='tcet'>
	<!-- Sampling enabled with the following: -->
	<!--     Budget                              5: -->
	<!--     Overdraft Budget                   75: -->
	<!--     Savings Budget                      2: -->
	<!-- Opened annotation file /opt/apps/software/Core/Inspector/2018_update2/inspector_2018.2.0.551023/lib64/../config/tc/qt.ant -->
	<!-- Opened annotation file /opt/apps/software/Core/Inspector/2018_update2/inspector_2018.2.0.551023/lib64/../config/tc/cpp11.ant -->
	<!-- Opened annotation file /opt/apps/software/Core/Inspector/2018_update2/inspector_2018.2.0.551023/lib64/../config/tc/fortran.ant -->
	<!-- Opened annotation file /opt/apps/software/Core/Inspector/2018_update2/inspector_2018.2.0.551023/lib64/../config/tc/icl.ant -->
	<!-- Opened annotation file /opt/apps/software/Core/Inspector/2018_update2/inspector_2018.2.0.551023/lib64/../config/tc/allocators.ant -->
	<msg id='1' display='false' source='tccore'>
		<type>START</type>
		<severity>INFO</severity>
		<timestamp>Mon Mar 18 16:35:25 2024</timestamp>
	</msg>
	<!-- Successfully loaded CCRT 13.1.8 at address 0x7f639a3a7000 - 0x7f639a3b0000 -->
	<!-- Successfully loaded the TC Analysis Core 8.3.4 at address 0x7f6387347000 - 0x7f638737a000 -->
	<!-- Successfully loaded the TC Instrumentation Engine 8.3.4 at address 0x7f639a3b0000 - 0x7f639a606000 -->
	<!-- This is the instance of interest -->
	<msg id='2' source='tcet'>
		<type>EXEC_OF_INTEREST</type>
		<severity>INFO</severity>
		<timestamp>Mon Mar 18 16:35:25 2024</timestamp>
		<arg name='process'>/home/sk218/hw_assignment2/lu-decomposition-openmp-Swanand58/lu-omp</arg>
		<arg name='pid'>12240</arg>
	</msg>
	<msg id='3' source='tcet'>
		<type>LOAD_MODULE</type>
		<severity>INFO</severity>
		<timestamp>Mon Mar 18 16:35:25 2024</timestamp>
		<arg name='module'>/home/sk218/hw_assignment2/lu-decomposition-openmp-Swanand58/lu-omp</arg>
		<arg name='basement'>0x400000</arg>
		<arg name='ceiling'>0x41b71f</arg>
	</msg>
	<msg id='4' source='tcet'>
		<type>LOAD_MODULE</type>
		<severity>INFO</severity>
		<timestamp>Mon Mar 18 16:35:25 2024</timestamp>
		<arg name='module'>/lib64/ld-linux-x86-64.so.2</arg>
		<arg name='basement'>0x7f639b3f4000</arg>
		<arg name='ceiling'>0x7f639b61714f</arg>
	</msg>
	<msg id='5' source='tcet'>
		<type>LOAD_MODULE</type>
		<severity>INFO</severity>
		<timestamp>Mon Mar 18 16:35:25 2024</timestamp>
		<arg name='module'>[vdso]</arg>
		<arg name='basement'>0x7fffdc6bc000</arg>
		<arg name='ceiling'>0x7fffdc6bce6c</arg>
	</msg>
	<msg id='6' source='tcet'>
		<type>LOAD_MODULE</type>
		<severity>INFO</severity>
		<timestamp>Mon Mar 18 16:35:25 2024</timestamp>
		<arg name='module'>/opt/apps/software/Core/xalt/default/lib64/libxalt_init.so</arg>
		<arg name='basement'>0x7f63861a9000</arg>
		<arg name='ceiling'>0x7f63863ce767</arg>
	</msg>
	<msg id='7' source='tcet'>
		<type>LOAD_MODULE</type>
		<severity>INFO</severity>
		<timestamp>Mon Mar 18 16:35:25 2024</timestamp>
		<arg name='module'>/lib64/librt.so.1</arg>
		<arg name='basement'>0x7f6385e45000</arg>
		<arg name='ceiling'>0x7f638604cc17</arg>
	</msg>
	<msg id='8' source='tcet'>
		<type>LOAD_MODULE</type>
		<severity>INFO</severity>
		<timestamp>Mon Mar 18 16:35:25 2024</timestamp>
		<arg name='module'>/lib64/libnuma.so.1</arg>
		<arg name='basement'>0x7f6385c2e000</arg>
		<arg name='ceiling'>0x7f6385e398e7</arg>
	</msg>
	<msg id='9' source='tcet'>
		<type>LOAD_MODULE</type>
		<severity>INFO</severity>
		<timestamp>Mon Mar 18 16:35:25 2024</timestamp>
		<arg name='module'>/opt/apps/software/Core/GCCcore/8.3.0/lib64/libstdc++.so.6</arg>
		<arg name='basement'>0x7f6385a88000</arg>
		<arg name='ceiling'>0x7f6385c218bf</arg>
	</msg>
	<msg id='10' source='tcet'>
		<type>LOAD_MODULE</type>
		<severity>INFO</severity>
		<timestamp>Mon Mar 18 16:35:26 2024</timestamp>
		<arg name='module'>/lib64/libm.so.6</arg>
		<arg name='basement'>0x7f6385780000</arg>
		<arg name='ceiling'>0x7f6385a81127</arg>
	</msg>
	<msg id='11' source='tcet'>
		<type>LOAD_MODULE</type>
		<severity>INFO</severity>
		<timestamp>Mon Mar 18 16:35:26 2024</timestamp>
		<arg name='module'>/projects/comp422/pkgs-src/llvm-project/openmp/openmp-install/lib/libiomp5.so</arg>
		<arg name='basement'>0x7f6385665000</arg>
		<arg name='ceiling'>0x7f638576dc07</arg>
	</msg>
	<msg id='12' source='tcet'>
		<type>LOAD_MODULE</type>
		<severity>INFO</severity>
		<timestamp>Mon Mar 18 16:35:26 2024</timestamp>
		<arg name='module'>/opt/apps/software/Core/GCCcore/8.3.0/lib64/libgcc_s.so.1</arg>
		<arg name='basement'>0x7f638564c000</arg>
		<arg name='ceiling'>0x7f638566442f</arg>
	</msg>
	<msg id='13' source='tcet'>
		<type>LOAD_MODULE</type>
		<severity>INFO</severity>
		<timestamp>Mon Mar 18 16:35:26 2024</timestamp>
		<arg name='module'>/lib64/libpthread.so.0</arg>
		<arg name='basement'>0x7f6385430000</arg>
		<arg name='ceiling'>0x7f638564b487</arg>
	</msg>
	<msg id='14' source='tcet'>
		<type>LOAD_MODULE</type>
		<severity>INFO</severity>
		<timestamp>Mon Mar 18 16:35:26 2024</timestamp>
		<arg name='module'>/lib64/libc.so.6</arg>
		<arg name='basement'>0x7f6385063000</arg>
		<arg name='ceiling'>0x7f638542f1df</arg>
	</msg>
	<msg id='15' source='tcet'>
		<type>LOAD_MODULE</type>
		<severity>INFO</severity>
		<timestamp>Mon Mar 18 16:35:26 2024</timestamp>
		<arg name='module'>/lib64/libdl.so.2</arg>
		<arg name='basement'>0x7f6384e5f000</arg>
		<arg name='ceiling'>0x7f638506210f</arg>
	</msg>
	<msg id='16' source='tcet'>
		<type>LOAD_MODULE</type>
		<severity>INFO</severity>
		<timestamp>Mon Mar 18 16:35:27 2024</timestamp>
		<arg name='module'>/projects/comp422/pkgs-src/llvm-project/openmp/openmp-install/lib/libarcher.so</arg>
		<arg name='basement'>0x7f6381a3e000</arg>
		<arg name='ceiling'>0x7f6381a4a340</arg>
	</msg>
	<msg id='17' source='tcet'>
		<type>LOAD_MODULE</type>
		<severity>INFO</severity>
		<timestamp>Mon Mar 18 16:35:28 2024</timestamp>
		<arg name='module'>/opt/apps/software/Core/Inspector/2018_update2/inspector_2018.2.0.551023/lib64/runtime/libittnotify.so</arg>
		<arg name='basement'>0x7f63812a9000</arg>
		<arg name='ceiling'>0x7f63814b463f</arg>
	</msg>
	<msg id='18' source='tccore'>
		<type>CTSA_NO_STACK</type>
		<severity>WARNING</severity>
		<timestamp>Mon Mar 18 16:35:29 2024</timestamp>
	</msg>
	<!-- Thread 2 effective sampling rate is 9064/179417 -->
	<!-- Thread 3 effective sampling rate is 8921/176700 -->
	<!-- Thread 4 effective sampling rate is 8771/173894 -->
	<!-- Thread 5 effective sampling rate is 8657/171486 -->
	<!-- Thread 6 effective sampling rate is 8531/168994 -->
	<!-- Thread 7 effective sampling rate is 8409/166490 -->
	<!-- Thread 8 effective sampling rate is 8281/163901 -->
	<!-- Thread 0 effective sampling rate is 17263/299818 -->
	<msg id='19' source='tcet'>
		<type>UNLOAD_MODULE</type>
		<severity>INFO</severity>
		<timestamp>Mon Mar 18 16:35:30 2024</timestamp>
		<arg name='module'>/home/sk218/hw_assignment2/lu-decomposition-openmp-Swanand58/lu-omp</arg>
	</msg>
	<msg id='20' source='tcet'>
		<type>UNLOAD_MODULE</type>
		<severity>INFO</severity>
		<timestamp>Mon Mar 18 16:35:30 2024</timestamp>
		<arg name='module'>/lib64/ld-linux-x86-64.so.2</arg>
	</msg>
	<msg id='21' source='tcet'>
		<type>UNLOAD_MODULE</type>
		<severity>INFO</severity>
		<timestamp>Mon Mar 18 16:35:30 2024</timestamp>
		<arg name='module'>[vdso]</arg>
	</msg>
	<msg id='22' source='tcet'>
		<type>UNLOAD_MODULE</type>
		<severity>INFO</severity>
		<timestamp>Mon Mar 18 16:35:30 2024</timestamp>
		<arg name='module'>/opt/apps/software/Core/xalt/default/lib64/libxalt_init.so</arg>
	</msg>
	<msg id='23' source='tcet'>
		<type>UNLOAD_MODULE</type>
		<severity>INFO</severity>
		<timestamp>Mon Mar 18 16:35:30 2024</timestamp>
		<arg name='module'>/lib64/librt.so.1</arg>
	</msg>
	<msg id='24' source='tcet'>
		<type>UNLOAD_MODULE</type>
		<severity>INFO</severity>
		<timestamp>Mon Mar 18 16:35:30 2024</timestamp>
		<arg name='module'>/lib64/libnuma.so.1</arg>
	</msg>
	<msg id='25' source='tcet'>
		<type>UNLOAD_MODULE</type>
		<severity>INFO</severity>
		<timestamp>Mon Mar 18 16:35:30 2024</timestamp>
		<arg name='module'>/opt/apps/software/Core/GCCcore/8.3.0/lib64/libstdc++.so.6</arg>
	</msg>
	<msg id='26' source='tcet'>
		<type>UNLOAD_MODULE</type>
		<severity>INFO</severity>
		<timestamp>Mon Mar 18 16:35:30 2024</timestamp>
		<arg name='module'>/lib64/libm.so.6</arg>
	</msg>
	<msg id='27' source='tcet'>
		<type>UNLOAD_MODULE</type>
		<severity>INFO</severity>
		<timestamp>Mon Mar 18 16:35:30 2024</timestamp>
		<arg name='module'>/projects/comp422/pkgs-src/llvm-project/openmp/openmp-install/lib/libiomp5.so</arg>
	</msg>
	<msg id='28' source='tcet'>
		<type>UNLOAD_MODULE</type>
		<severity>INFO</severity>
		<timestamp>Mon Mar 18 16:35:30 2024</timestamp>
		<arg name='module'>/opt/apps/software/Core/GCCcore/8.3.0/lib64/libgcc_s.so.1</arg>
	</msg>
	<msg id='29' source='tcet'>
		<type>UNLOAD_MODULE</type>
		<severity>INFO</severity>
		<timestamp>Mon Mar 18 16:35:30 2024</timestamp>
		<arg name='module'>/lib64/libpthread.so.0</arg>
	</msg>
	<msg id='30' source='tcet'>
		<type>UNLOAD_MODULE</type>
		<severity>INFO</severity>
		<timestamp>Mon Mar 18 16:35:30 2024</timestamp>
		<arg name='module'>/lib64/libc.so.6</arg>
	</msg>
	<msg id='31' source='tcet'>
		<type>UNLOAD_MODULE</type>
		<severity>INFO</severity>
		<timestamp>Mon Mar 18 16:35:30 2024</timestamp>
		<arg name='module'>/lib64/libdl.so.2</arg>
	</msg>
	<msg id='32' source='tcet'>
		<type>UNLOAD_MODULE</type>
		<severity>INFO</severity>
		<timestamp>Mon Mar 18 16:35:30 2024</timestamp>
		<arg name='module'>/projects/comp422/pkgs-src/llvm-project/openmp/openmp-install/lib/libarcher.so</arg>
	</msg>
	<msg id='33' source='tcet'>
		<type>UNLOAD_MODULE</type>
		<severity>INFO</severity>
		<timestamp>Mon Mar 18 16:35:30 2024</timestamp>
		<arg name='module'>/opt/apps/software/Core/Inspector/2018_update2/inspector_2018.2.0.551023/lib64/runtime/libittnotify.so</arg>
	</msg>
	<msg id='34' source='tcet'>
		<type>PROCESS_TERMINATE</type>
		<severity>INFO</severity>
		<timestamp>Mon Mar 18 16:35:30 2024</timestamp>
		<arg name='process'>/home/sk218/hw_assignment2/lu-decomposition-openmp-Swanand58/lu-omp</arg>
		<arg name='pid'>12240</arg>
	</msg>
	<msg id='35' display='false' source='tccore'>
		<type>ANALYSIS_COMPLETE</type>
		<severity>INFO</severity>
		<timestamp>Mon Mar 18 16:35:30 2024</timestamp>
	</msg>
	<msg id='36' display='false' source='tccore'>
		<type>STOP</type>
		<severity>INFO</severity>
		<timestamp>Mon Mar 18 16:35:30 2024</timestamp>
	</msg>
</log>